<?xml version="1.0" encoding="UTF-8"?>
<testng-results skipped="0" failed="0" ignored="0" total="1" passed="1">
  <reporter-output>
  </reporter-output>
  <suite name="Suite" duration-ms="86" started-at="2018-10-26T14:23:23Z" finished-at="2018-10-26T14:23:23Z">
    <groups>
    </groups>
    <test name="Test" duration-ms="86" started-at="2018-10-26T14:23:23Z" finished-at="2018-10-26T14:23:23Z">
      <class name="Test_1.test2">
        <test-method status="PASS" signature="abc()[pri:0, instance:Test_1.test2@3532ec19]" name="abc" duration-ms="34" started-at="2018-10-26T16:23:23Z" finished-at="2018-10-26T16:23:23Z">
          <reporter-output>
          </reporter-output>
        </test-method> <!-- abc -->
      </class> <!-- Test_1.test2 -->
    </test> <!-- Test -->
  </suite> <!-- Suite -->
</testng-results>
